*DEBUG* 	2019/11/27 - 11:18:06: START: PKHelper::get_http(https://shoptech.media/analytics/index.php?module=API&language=en&idSite=1&token_auth=9906f875822490790f7943679e6a90ae&method=SitesManager.getSiteFromId&format=JSON,Array
(
)
)
*DEBUG* 	2019/11/27 - 11:18:06: Using 'cURL' to fetch remote
*DEBUG* 	2019/11/27 - 11:18:06: 	: $ch = curl_init()
*DEBUG* 	2019/11/27 - 11:18:06: 	: curl_setopt($ch, CURLOPT_URL, https://shoptech.media/analytics/index.php?module=API&language=en&idSite=1&token_auth=9906f875822490790f7943679e6a90ae&method=SitesManager.getSiteFromId&format=JSON)
*DEBUG* 	2019/11/27 - 11:18:06: 	: curl_setopt($ch, CURLOPT_HTTPHEADER, array(...))
*DEBUG* 	2019/11/27 - 11:18:06: END: PKHelper::get_http(): OK
*DEBUG* 	2019/11/27 - 11:18:06: START: PKHelper::get_http(https://shoptech.media/analytics/index.php?module=API&language=en&idSite=1&token_auth=9906f875822490790f7943679e6a90ae&method=SitesManager.getImageTrackingCode&format=JSON&actionName=NoJavaScript&piwikUrl=shoptech.media%2Fanalytics,Array
(
)
)
*DEBUG* 	2019/11/27 - 11:18:06: Using 'cURL' to fetch remote
*DEBUG* 	2019/11/27 - 11:18:06: 	: $ch = curl_init()
*DEBUG* 	2019/11/27 - 11:18:06: 	: curl_setopt($ch, CURLOPT_URL, https://shoptech.media/analytics/index.php?module=API&language=en&idSite=1&token_auth=9906f875822490790f7943679e6a90ae&method=SitesManager.getImageTrackingCode&format=JSON&actionName=NoJavaScript&piwikUrl=shoptech.media%2Fanalytics)
*DEBUG* 	2019/11/27 - 11:18:06: 	: curl_setopt($ch, CURLOPT_HTTPHEADER, array(...))
*DEBUG* 	2019/11/27 - 11:18:07: END: PKHelper::get_http(): OK
*DEBUG* 	2019/11/27 - 11:18:07: START: PKHelper::get_http(https://shoptech.media/analytics/index.php?module=API&language=en&idSite=1&token_auth=9906f875822490790f7943679e6a90ae&method=SitesManager.getSitesWithAdminAccess&format=JSON&fetchAliasUrls=1,Array
(
)
)
*DEBUG* 	2019/11/27 - 11:18:07: Using 'cURL' to fetch remote
*DEBUG* 	2019/11/27 - 11:18:07: 	: $ch = curl_init()
*DEBUG* 	2019/11/27 - 11:18:07: 	: curl_setopt($ch, CURLOPT_URL, https://shoptech.media/analytics/index.php?module=API&language=en&idSite=1&token_auth=9906f875822490790f7943679e6a90ae&method=SitesManager.getSitesWithAdminAccess&format=JSON&fetchAliasUrls=1)
*DEBUG* 	2019/11/27 - 11:18:07: 	: curl_setopt($ch, CURLOPT_HTTPHEADER, array(...))
*DEBUG* 	2019/11/27 - 11:18:07: END: PKHelper::get_http(): OK
*DEBUG* 	2019/11/27 - 11:18:07: START: PKHelper::get_http(https://shoptech.media/analytics/index.php?module=API&language=en&idSite=1&token_auth=9906f875822490790f7943679e6a90ae&method=SitesManager.getTimezonesList&format=JSON,Array
(
)
)
*DEBUG* 	2019/11/27 - 11:18:07: Using 'cURL' to fetch remote
*DEBUG* 	2019/11/27 - 11:18:07: 	: $ch = curl_init()
*DEBUG* 	2019/11/27 - 11:18:07: 	: curl_setopt($ch, CURLOPT_URL, https://shoptech.media/analytics/index.php?module=API&language=en&idSite=1&token_auth=9906f875822490790f7943679e6a90ae&method=SitesManager.getTimezonesList&format=JSON)
*DEBUG* 	2019/11/27 - 11:18:07: 	: curl_setopt($ch, CURLOPT_HTTPHEADER, array(...))
*DEBUG* 	2019/11/27 - 11:18:07: END: PKHelper::get_http(): OK
