*DEBUG* 	2019/11/30 - 09:18:31: START: PKHelper::get_http(http://demo.shoptech.media/analytics/index.php?module=API&language=en&idSite=1&token_auth=9906f875822490790f7943679e6a90ae&method=SitesManager.getSiteFromId&format=JSON,Array
(
)
)
*DEBUG* 	2019/11/30 - 09:18:31: Using 'cURL' to fetch remote
*DEBUG* 	2019/11/30 - 09:18:31: 	: $ch = curl_init()
*DEBUG* 	2019/11/30 - 09:18:31: 	: curl_setopt($ch, CURLOPT_URL, http://demo.shoptech.media/analytics/index.php?module=API&language=en&idSite=1&token_auth=9906f875822490790f7943679e6a90ae&method=SitesManager.getSiteFromId&format=JSON)
*DEBUG* 	2019/11/30 - 09:18:31: 	: curl_setopt($ch, CURLOPT_HTTPHEADER, array(...))
*DEBUG* 	2019/11/30 - 09:18:31: END: PKHelper::get_http(): OK
*DEBUG* 	2019/11/30 - 09:18:31: START: PKHelper::get_http(http://demo.shoptech.media/analytics/index.php?module=API&language=en&idSite=1&token_auth=9906f875822490790f7943679e6a90ae&method=SitesManager.getImageTrackingCode&format=JSON&actionName=NoJavaScript&piwikUrl=demo.shoptech.media%2Fanalytics,Array
(
)
)
*DEBUG* 	2019/11/30 - 09:18:31: Using 'cURL' to fetch remote
*DEBUG* 	2019/11/30 - 09:18:31: 	: $ch = curl_init()
*DEBUG* 	2019/11/30 - 09:18:31: 	: curl_setopt($ch, CURLOPT_URL, http://demo.shoptech.media/analytics/index.php?module=API&language=en&idSite=1&token_auth=9906f875822490790f7943679e6a90ae&method=SitesManager.getImageTrackingCode&format=JSON&actionName=NoJavaScript&piwikUrl=demo.shoptech.media%2Fanalytics)
*DEBUG* 	2019/11/30 - 09:18:31: 	: curl_setopt($ch, CURLOPT_HTTPHEADER, array(...))
*DEBUG* 	2019/11/30 - 09:18:31: END: PKHelper::get_http(): OK
*DEBUG* 	2019/11/30 - 09:23:09: START: PKHelper::get_http(http://demo.shoptech.media/analytics/index.php?module=API&language=en&idSite=1&token_auth=9906f875822490790f7943679e6a90ae&method=SitesManager.getSiteFromId&format=JSON,Array
(
)
)
*DEBUG* 	2019/11/30 - 09:23:09: Using 'cURL' to fetch remote
*DEBUG* 	2019/11/30 - 09:23:09: 	: $ch = curl_init()
*DEBUG* 	2019/11/30 - 09:23:09: 	: curl_setopt($ch, CURLOPT_URL, http://demo.shoptech.media/analytics/index.php?module=API&language=en&idSite=1&token_auth=9906f875822490790f7943679e6a90ae&method=SitesManager.getSiteFromId&format=JSON)
*DEBUG* 	2019/11/30 - 09:23:09: 	: curl_setopt($ch, CURLOPT_HTTPHEADER, array(...))
*DEBUG* 	2019/11/30 - 09:23:09: END: PKHelper::get_http(): OK
*DEBUG* 	2019/11/30 - 09:23:09: START: PKHelper::get_http(http://demo.shoptech.media/analytics/index.php?module=API&language=en&idSite=1&token_auth=9906f875822490790f7943679e6a90ae&method=SitesManager.getImageTrackingCode&format=JSON&actionName=NoJavaScript&piwikUrl=demo.shoptech.media%2Fanalytics,Array
(
)
)
*DEBUG* 	2019/11/30 - 09:23:09: Using 'cURL' to fetch remote
*DEBUG* 	2019/11/30 - 09:23:09: 	: $ch = curl_init()
*DEBUG* 	2019/11/30 - 09:23:09: 	: curl_setopt($ch, CURLOPT_URL, http://demo.shoptech.media/analytics/index.php?module=API&language=en&idSite=1&token_auth=9906f875822490790f7943679e6a90ae&method=SitesManager.getImageTrackingCode&format=JSON&actionName=NoJavaScript&piwikUrl=demo.shoptech.media%2Fanalytics)
*DEBUG* 	2019/11/30 - 09:23:09: 	: curl_setopt($ch, CURLOPT_HTTPHEADER, array(...))
*DEBUG* 	2019/11/30 - 09:23:09: END: PKHelper::get_http(): OK
*DEBUG* 	2019/11/30 - 09:24:18: START: PKHelper::get_http(https://demo.shoptech.media/analytics/index.php?module=API&language=en&idSite=1&token_auth=9906f875822490790f7943679e6a90ae&method=SitesManager.getSiteFromId&format=JSON,Array
(
)
)
*DEBUG* 	2019/11/30 - 09:24:18: Using 'cURL' to fetch remote
*DEBUG* 	2019/11/30 - 09:24:18: 	: $ch = curl_init()
*DEBUG* 	2019/11/30 - 09:24:18: 	: curl_setopt($ch, CURLOPT_URL, https://demo.shoptech.media/analytics/index.php?module=API&language=en&idSite=1&token_auth=9906f875822490790f7943679e6a90ae&method=SitesManager.getSiteFromId&format=JSON)
*DEBUG* 	2019/11/30 - 09:24:18: 	: curl_setopt($ch, CURLOPT_HTTPHEADER, array(...))
*DEBUG* 	2019/11/30 - 09:24:18: END: PKHelper::get_http(): OK
*DEBUG* 	2019/11/30 - 09:24:18: START: PKHelper::get_http(https://demo.shoptech.media/analytics/index.php?module=API&language=en&idSite=1&token_auth=9906f875822490790f7943679e6a90ae&method=SitesManager.getImageTrackingCode&format=JSON&actionName=NoJavaScript&piwikUrl=demo.shoptech.media%2Fanalytics,Array
(
)
)
*DEBUG* 	2019/11/30 - 09:24:18: Using 'cURL' to fetch remote
*DEBUG* 	2019/11/30 - 09:24:18: 	: $ch = curl_init()
*DEBUG* 	2019/11/30 - 09:24:18: 	: curl_setopt($ch, CURLOPT_URL, https://demo.shoptech.media/analytics/index.php?module=API&language=en&idSite=1&token_auth=9906f875822490790f7943679e6a90ae&method=SitesManager.getImageTrackingCode&format=JSON&actionName=NoJavaScript&piwikUrl=demo.shoptech.media%2Fanalytics)
*DEBUG* 	2019/11/30 - 09:24:18: 	: curl_setopt($ch, CURLOPT_HTTPHEADER, array(...))
*DEBUG* 	2019/11/30 - 09:24:18: END: PKHelper::get_http(): OK
*DEBUG* 	2019/11/30 - 14:40:35: START: PKHelper::get_http(https://demo.shoptech.media/analytics/index.php?module=API&language=en&idSite=1&token_auth=9906f875822490790f7943679e6a90ae&method=SitesManager.getSiteFromId&format=JSON,Array
(
)
)
*DEBUG* 	2019/11/30 - 14:40:35: Using 'cURL' to fetch remote
*DEBUG* 	2019/11/30 - 14:40:35: 	: $ch = curl_init()
*DEBUG* 	2019/11/30 - 14:40:35: 	: curl_setopt($ch, CURLOPT_URL, https://demo.shoptech.media/analytics/index.php?module=API&language=en&idSite=1&token_auth=9906f875822490790f7943679e6a90ae&method=SitesManager.getSiteFromId&format=JSON)
*DEBUG* 	2019/11/30 - 14:40:35: 	: curl_setopt($ch, CURLOPT_HTTPHEADER, array(...))
*DEBUG* 	2019/11/30 - 14:40:35: END: PKHelper::get_http(): OK
*DEBUG* 	2019/11/30 - 14:40:35: START: PKHelper::get_http(https://demo.shoptech.media/analytics/index.php?module=API&language=en&idSite=1&token_auth=9906f875822490790f7943679e6a90ae&method=SitesManager.getImageTrackingCode&format=JSON&actionName=NoJavaScript&piwikUrl=demo.shoptech.media%2Fanalytics,Array
(
)
)
*DEBUG* 	2019/11/30 - 14:40:35: Using 'cURL' to fetch remote
*DEBUG* 	2019/11/30 - 14:40:35: 	: $ch = curl_init()
*DEBUG* 	2019/11/30 - 14:40:35: 	: curl_setopt($ch, CURLOPT_URL, https://demo.shoptech.media/analytics/index.php?module=API&language=en&idSite=1&token_auth=9906f875822490790f7943679e6a90ae&method=SitesManager.getImageTrackingCode&format=JSON&actionName=NoJavaScript&piwikUrl=demo.shoptech.media%2Fanalytics)
*DEBUG* 	2019/11/30 - 14:40:35: 	: curl_setopt($ch, CURLOPT_HTTPHEADER, array(...))
*DEBUG* 	2019/11/30 - 14:40:35: END: PKHelper::get_http(): OK
*DEBUG* 	2019/11/30 - 14:40:51: START: PKHelper::get_http(https://demo.shoptech.media/analytics/index.php?module=API&language=en&idSite=1&token_auth=9906f875822490790f7943679e6a90ae&method=SitesManager.getSiteFromId&format=JSON,Array
(
)
)
*DEBUG* 	2019/11/30 - 14:40:51: Using 'cURL' to fetch remote
*DEBUG* 	2019/11/30 - 14:40:51: 	: $ch = curl_init()
*DEBUG* 	2019/11/30 - 14:40:51: 	: curl_setopt($ch, CURLOPT_URL, https://demo.shoptech.media/analytics/index.php?module=API&language=en&idSite=1&token_auth=9906f875822490790f7943679e6a90ae&method=SitesManager.getSiteFromId&format=JSON)
*DEBUG* 	2019/11/30 - 14:40:51: 	: curl_setopt($ch, CURLOPT_HTTPHEADER, array(...))
*DEBUG* 	2019/11/30 - 14:40:51: END: PKHelper::get_http(): OK
*DEBUG* 	2019/11/30 - 14:40:51: START: PKHelper::get_http(https://demo.shoptech.media/analytics/index.php?module=API&language=en&idSite=1&token_auth=9906f875822490790f7943679e6a90ae&method=SitesManager.getImageTrackingCode&format=JSON&actionName=NoJavaScript&piwikUrl=demo.shoptech.media%2Fanalytics,Array
(
)
)
*DEBUG* 	2019/11/30 - 14:40:51: Using 'cURL' to fetch remote
*DEBUG* 	2019/11/30 - 14:40:51: 	: $ch = curl_init()
*DEBUG* 	2019/11/30 - 14:40:51: 	: curl_setopt($ch, CURLOPT_URL, https://demo.shoptech.media/analytics/index.php?module=API&language=en&idSite=1&token_auth=9906f875822490790f7943679e6a90ae&method=SitesManager.getImageTrackingCode&format=JSON&actionName=NoJavaScript&piwikUrl=demo.shoptech.media%2Fanalytics)
*DEBUG* 	2019/11/30 - 14:40:51: 	: curl_setopt($ch, CURLOPT_HTTPHEADER, array(...))
*DEBUG* 	2019/11/30 - 14:40:51: END: PKHelper::get_http(): OK
